info it worked if it ends with ok
verbose cli [ 'node',
verbose cli   '/usr/bin/npm',
verbose cli   'install',
verbose cli   '-g',
verbose cli   'node-inspector' ]
info using npm@1.0.6
info using node@v0.4.9
verbose config file /Users/Sheldon/.npmrc
verbose config file /usr/etc/npmrc
verbose into /usr/lib [ 'node-inspector' ]
verbose cache add [ 'node-inspector', null ]
info addNamed [ 'node-inspector', '' ]
verbose addNamed [ null, '' ]
verbose GET node-inspector
verbose raw, before any munging node-inspector
verbose url resolving [ 'http://registry.npmjs.org/', './node-inspector' ]
verbose url resolved http://registry.npmjs.org/node-inspector
verbose url parsed { protocol: 'http:',
verbose url parsed   slashes: true,
verbose url parsed   host: 'registry.npmjs.org',
verbose url parsed   hostname: 'registry.npmjs.org',
verbose url parsed   href: 'http://registry.npmjs.org/node-inspector',
verbose url parsed   pathname: '/node-inspector' }
verbose etag "725C4NPMEGZ1T4AVB02LIDHV1"
verbose response http://registry.npmjs.org/node-inspector
silly get cb [ 304,
silly get cb   { server: 'CouchDB/1.1.0 (Erlang OTP/R14B03)',
silly get cb     etag: '"725C4NPMEGZ1T4AVB02LIDHV1"',
silly get cb     date: 'Tue, 26 Jul 2011 06:21:19 GMT',
silly get cb     'content-length': '0' } ]
verbose etag node-inspector from cache
verbose GET node-inspector/0.1.8
verbose raw, before any munging node-inspector/0.1.8
verbose url resolving [ 'http://registry.npmjs.org/',
verbose url resolving   './node-inspector/0.1.8' ]
verbose url resolved http://registry.npmjs.org/node-inspector/0.1.8
verbose url parsed { protocol: 'http:',
verbose url parsed   slashes: true,
verbose url parsed   host: 'registry.npmjs.org',
verbose url parsed   hostname: 'registry.npmjs.org',
verbose url parsed   href: 'http://registry.npmjs.org/node-inspector/0.1.8',
verbose url parsed   pathname: '/node-inspector/0.1.8' }
verbose etag "725C4NPMEGZ1T4AVB02LIDHV1"
verbose response http://registry.npmjs.org/node-inspector/0.1.8
silly get cb [ 304,
silly get cb   { server: 'CouchDB/1.1.0 (Erlang OTP/R14B03)',
silly get cb     etag: '"725C4NPMEGZ1T4AVB02LIDHV1"',
silly get cb     date: 'Tue, 26 Jul 2011 06:21:19 GMT',
silly get cb     'content-length': '0' } ]
verbose etag node-inspector/0.1.8 from cache
verbose bin dist [ '0.4-ares1.7.4-ev4.4-openssl0.9.8l-v83.1.8.25-darwin-10.7.0',
verbose bin dist   { shasum: 'd87f2200900065127750945ab061cddd7e462f60',
verbose bin dist     tarball: 'http://registry.npmjs.org/node-inspector/-/node-inspector-0.1.8.tgz' } ]
silly resolved [ { name: 'node-inspector',
silly resolved     version: '0.1.8',
silly resolved     description: 'Web Inspector based nodeJS debugger',
silly resolved     homepage: 'http://github.com/dannycoates/node-inspector',
silly resolved     author: 
silly resolved      { name: 'Danny Coates',
silly resolved        email: 'dannycoates@gmail.com' },
silly resolved     keywords: [ 'debug', 'debugger', 'inspector', 'profiler' ],
silly resolved     repository: 
silly resolved      { type: 'git',
silly resolved        url: 'git://github.com/dannycoates/node-inspector.git' },
silly resolved     engines: { node: '>=0.3.0' },
silly resolved     bin: { 'node-inspector': './bin/inspector.js' },
silly resolved     dependencies: { 'websocket-server': '~1.4', paperboy: '~0.0.2' },
silly resolved     _npmJsonOpts: 
silly resolved      { file: '/home/dcoates/.npm/node-inspector/0.1.8/package/package.json',
silly resolved        wscript: false,
silly resolved        contributors: false,
silly resolved        serverjs: false },
silly resolved     _id: 'node-inspector@0.1.8',
silly resolved     devDependencies: {},
silly resolved     _engineSupported: true,
silly resolved     _npmVersion: '1.0.18',
silly resolved     _nodeVersion: 'v0.5.2-pre',
silly resolved     _defaultsLoaded: true,
silly resolved     dist: 
silly resolved      { shasum: 'd87f2200900065127750945ab061cddd7e462f60',
silly resolved        tarball: 'http://registry.npmjs.org/node-inspector/-/node-inspector-0.1.8.tgz' },
silly resolved     scripts: {},
silly resolved     directories: {} } ]
info into /usr/lib node-inspector@0.1.8
info installOne node-inspector@0.1.8
info unbuild /usr/lib/node_modules/node-inspector
silly testEngine { name: 'node-inspector',
silly testEngine   version: '0.1.8',
silly testEngine   description: 'Web Inspector based nodeJS debugger',
silly testEngine   homepage: 'http://github.com/dannycoates/node-inspector',
silly testEngine   author: 
silly testEngine    { name: 'Danny Coates',
silly testEngine      email: 'dannycoates@gmail.com' },
silly testEngine   keywords: [ 'debug', 'debugger', 'inspector', 'profiler' ],
silly testEngine   repository: 
silly testEngine    { type: 'git',
silly testEngine      url: 'git://github.com/dannycoates/node-inspector.git' },
silly testEngine   engines: { node: '>=0.3.0' },
silly testEngine   bin: { 'node-inspector': './bin/inspector.js' },
silly testEngine   dependencies: { 'websocket-server': '~1.4', paperboy: '~0.0.2' },
silly testEngine   devDependencies: {},
silly testEngine   _id: 'node-inspector@0.1.8',
silly testEngine   _engineSupported: true,
silly testEngine   _npmVersion: '1.0.6',
silly testEngine   _nodeVersion: 'v0.4.9',
silly testEngine   _defaultsLoaded: true,
silly testEngine   scripts: {} }
verbose caching /usr/lib/node_modules/node-inspector/package.json
verbose loadDefaults node-inspector@0.1.8
info preuninstall node-inspector@0.1.8
info uninstall node-inspector@0.1.8
verbose unbuild node-inspector@0.1.8 [ true,
verbose unbuild node-inspector@0.1.8   '/usr/lib/node_modules',
verbose unbuild node-inspector@0.1.8   '/usr/lib/node_modules' ]
verbose binRoot [ '/usr/bin',
verbose binRoot   { 'node-inspector': './bin/inspector.js' } ]
info rm fail /usr/bin/node-inspector
info rm fail EACCES, Permission denied '/usr/bin/node-inspector'
info postuninstall node-inspector@0.1.8
info rm fail /usr/lib/node_modules/node-inspector/test/hello.js
info rm fail EACCES, Permission denied '/usr/lib/node_modules/node-inspector/test/hello.js'
info rm fail /usr/lib/node_modules/node-inspector/test
info rm fail EACCES, Permission denied '/usr/lib/node_modules/node-inspector/test/hello.js'
info rm fail /usr/lib/node_modules/node-inspector
info rm fail EACCES, Permission denied '/usr/lib/node_modules/node-inspector/test/hello.js'
silly testEngine { name: 'node-inspector',
silly testEngine   version: '0.1.8',
silly testEngine   description: 'Web Inspector based nodeJS debugger',
silly testEngine   homepage: 'http://github.com/dannycoates/node-inspector',
silly testEngine   author: 
silly testEngine    { name: 'Danny Coates',
silly testEngine      email: 'dannycoates@gmail.com' },
silly testEngine   keywords: [ 'debug', 'debugger', 'inspector', 'profiler' ],
silly testEngine   repository: 
silly testEngine    { type: 'git',
silly testEngine      url: 'git://github.com/dannycoates/node-inspector.git' },
silly testEngine   engines: { node: '>=0.3.0' },
silly testEngine   bin: { 'node-inspector': './bin/inspector.js' },
silly testEngine   dependencies: { 'websocket-server': '~1.4', paperboy: '~0.0.2' },
silly testEngine   devDependencies: {},
silly testEngine   _id: 'node-inspector@0.1.8',
silly testEngine   _engineSupported: true,
silly testEngine   _npmVersion: '1.0.6',
silly testEngine   _nodeVersion: 'v0.4.9',
silly testEngine   _defaultsLoaded: true,
silly testEngine   dist: { shasum: '9e37878b7ffc989b39c23e83d8dc6e0db4b59abd' } }
verbose caching /Users/Sheldon/.npm/node-inspector/0.1.8/package.json
verbose unpack_ uid, gid [ undefined, undefined ]
verbose unpackTarget /usr/lib/node_modules/node-inspector
ERR! Could not create /usr/lib/node_modules/___node-inspector.npm
ERR! error installing node-inspector@0.1.8 Error: EACCES, Permission denied '/usr/lib/node_modules/___node-inspector.npm'
info unbuild /usr/lib/node_modules/node-inspector
verbose from cache /usr/lib/node_modules/node-inspector/package.json
info preuninstall node-inspector@0.1.8
info uninstall node-inspector@0.1.8
verbose unbuild node-inspector@0.1.8 [ true,
verbose unbuild node-inspector@0.1.8   '/usr/lib/node_modules',
verbose unbuild node-inspector@0.1.8   '/usr/lib/node_modules' ]
verbose binRoot [ '/usr/bin',
verbose binRoot   { 'node-inspector': './bin/inspector.js' } ]
info rm fail /usr/bin/node-inspector
info rm fail EACCES, Permission denied '/usr/bin/node-inspector'
info postuninstall node-inspector@0.1.8
info rm fail /usr/lib/node_modules/node-inspector/test/hello.js
info rm fail EACCES, Permission denied '/usr/lib/node_modules/node-inspector/test/hello.js'
info rm fail /usr/lib/node_modules/node-inspector/test
info rm fail EACCES, Permission denied '/usr/lib/node_modules/node-inspector/test/hello.js'
info rm fail /usr/lib/node_modules/node-inspector
info rm fail EACCES, Permission denied '/usr/lib/node_modules/node-inspector/test/hello.js'
verbose installOne cb node-inspector@0.1.8
ERR! Error: EACCES, Permission denied '/usr/lib/node_modules/___node-inspector.npm'
ERR! 
ERR! Please use 'sudo' or log in as root to run this command.
ERR!     sudo npm "install" "-g" "node-inspector"
ERR! or set the 'unsafe-perm' config var to true.
ERR!     npm config set unsafe-perm true
ERR! 
ERR! System Darwin 10.7.0
ERR! command "node" "/usr/bin/npm" "install" "-g" "node-inspector"
verbose exit [ 13, true ]
